<?xml version="1.0" encoding="UTF-8"?>
<!-- Generated by org.testng.reporters.JUnitXMLReporter -->
<testsuite ignored="0" hostname="Akshay-17" failures="0" tests="6" name="Test" time="33.454" errors="0" timestamp="2024-04-19T09:36:09 IST">
  <testcase classname="selenium.practice.automation.testing.GroupsInTestNG" name="VerifyHomepageUrl" time="0.024"/>
  <testcase classname="selenium.practice.automation.testing.HandlingTabularData" name="verifyTitle" time="0.014"/>
  <testcase classname="selenium.practice.automation.testing.GroupsInTestNG" name="Verifyvalidusername" time="3.903"/>
  <testcase classname="selenium.practice.automation.testing.HandlingTabularData" name="verifyUrl" time="0.177"/>
  <testcase classname="selenium.practice.automation.testing.GroupsInTestNG" name="verifyDisplaytext" time="0.216"/>
  <testcase classname="selenium.practice.automation.testing.HandlingTabularData" name="verifyTabulerData" time="0.331"/>
</testsuite> <!-- Test -->
