<?xml version="1.0" encoding="UTF-8"?>
<testng-results ignored="0" total="3" passed="2" failed="1" skipped="0">
  <reporter-output>
  </reporter-output>
  <suite started-at="2024-04-19T09:53:01 IST" name="Default suite" finished-at="2024-04-19T09:53:41 IST" duration-ms="39768">
    <groups>
      <group name="smoke">
        <method signature="DataDrivenTesting.verifyvalidLogin(java.lang.String,java.lang.String)[pri:0, instance:selenium.practice.automation.testing.DataDrivenTesting@74751b3]" name="verifyvalidLogin" class="selenium.practice.automation.testing.DataDrivenTesting"/>
      </group> <!-- smoke -->
    </groups>
    <test started-at="2024-04-19T09:53:01 IST" name="Default test" finished-at="2024-04-19T09:53:41 IST" duration-ms="39768">
      <class name="selenium.practice.automation.testing.DataDrivenTesting">
        <test-method is-config="true" signature="setup()[pri:0, instance:selenium.practice.automation.testing.DataDrivenTesting@74751b3]" started-at="2024-04-19T09:53:01 IST" name="setup" finished-at="2024-04-19T09:53:10 IST" duration-ms="8795" status="PASS">
          <reporter-output>
          </reporter-output>
        </test-method> <!-- setup -->
        <test-method signature="verifyvalidLogin(java.lang.String,java.lang.String)[pri:0, instance:selenium.practice.automation.testing.DataDrivenTesting@74751b3]" started-at="2024-04-19T09:53:10 IST" name="verifyvalidLogin" description="Verify valid user login" data-provider="users" finished-at="2024-04-19T09:53:13 IST" duration-ms="2491" status="PASS">
          <params>
            <param index="0">
              <value>
                <![CDATA[admin]]>
              </value>
            </param>
            <param index="1">
              <value>
                <![CDATA[password]]>
              </value>
            </param>
          </params>
          <reporter-output>
          </reporter-output>
        </test-method> <!-- verifyvalidLogin -->
        <test-method is-config="true" signature="teardown()[pri:0, instance:selenium.practice.automation.testing.DataDrivenTesting@74751b3]" started-at="2024-04-19T09:53:13 IST" name="teardown" finished-at="2024-04-19T09:53:13 IST" duration-ms="587" status="PASS">
          <reporter-output>
          </reporter-output>
        </test-method> <!-- teardown -->
        <test-method is-config="true" signature="setup()[pri:0, instance:selenium.practice.automation.testing.DataDrivenTesting@74751b3]" started-at="2024-04-19T09:53:13 IST" name="setup" finished-at="2024-04-19T09:53:24 IST" duration-ms="11037" status="PASS">
          <reporter-output>
          </reporter-output>
        </test-method> <!-- setup -->
        <test-method signature="verifyvalidLogin(java.lang.String,java.lang.String)[pri:0, instance:selenium.practice.automation.testing.DataDrivenTesting@74751b3]" started-at="2024-04-19T09:53:24 IST" name="verifyvalidLogin" description="Verify valid user login" data-provider="users" finished-at="2024-04-19T09:53:26 IST" duration-ms="1812" status="FAIL">
          <params>
            <param index="0">
              <value>
                <![CDATA[Swati]]>
              </value>
            </param>
            <param index="1">
              <value>
                <![CDATA[user]]>
              </value>
            </param>
          </params>
          <exception class="org.openqa.selenium.NoSuchElementException">
            <message>
              <![CDATA[no such element: Unable to locate element: {"method":"xpath","selector":"//h3[text()='Login Successfully']"}
  (Session info: chrome=123.0.6312.122)
For documentation on this error, please visit: https://www.selenium.dev/documentation/webdriver/troubleshooting/errors#no-such-element-exception
Build info: version: '4.18.1', revision: 'b1d3319b48'
System info: os.name: 'Windows 10', os.arch: 'amd64', os.version: '10.0', java.version: '17.0.10'
Driver info: org.openqa.selenium.chrome.ChromeDriver
Command: [e42b3976578e73c0204b5064a6afc6ba, findElement {value=//h3[text()='Login Successfully'], using=xpath}]
Capabilities {acceptInsecureCerts: false, browserName: chrome, browserVersion: 123.0.6312.122, chrome: {chromedriverVersion: 123.0.6312.122 (31f8248cdd9..., userDataDir: C:\Users\ECS\AppData\Local\...}, fedcm:accounts: true, goog:chromeOptions: {debuggerAddress: localhost:64254}, networkConnectionEnabled: false, pageLoadStrategy: normal, platformName: windows, proxy: Proxy(), se:cdp: ws://localhost:64254/devtoo..., se:cdpVersion: 123.0.6312.122, setWindowRect: true, strictFileInteractability: false, timeouts: {implicit: 0, pageLoad: 300000, script: 30000}, unhandledPromptBehavior: dismiss and notify, webauthn:extension:credBlob: true, webauthn:extension:largeBlob: true, webauthn:extension:minPinLength: true, webauthn:extension:prf: true, webauthn:virtualAuthenticators: true}
Session ID: e42b3976578e73c0204b5064a6afc6ba]]>
            </message>
            <full-stacktrace>
              <![CDATA[org.openqa.selenium.NoSuchElementException: no such element: Unable to locate element: {"method":"xpath","selector":"//h3[text()='Login Successfully']"}
  (Session info: chrome=123.0.6312.122)
For documentation on this error, please visit: https://www.selenium.dev/documentation/webdriver/troubleshooting/errors#no-such-element-exception
Build info: version: '4.18.1', revision: 'b1d3319b48'
System info: os.name: 'Windows 10', os.arch: 'amd64', os.version: '10.0', java.version: '17.0.10'
Driver info: org.openqa.selenium.chrome.ChromeDriver
Command: [e42b3976578e73c0204b5064a6afc6ba, findElement {value=//h3[text()='Login Successfully'], using=xpath}]
Capabilities {acceptInsecureCerts: false, browserName: chrome, browserVersion: 123.0.6312.122, chrome: {chromedriverVersion: 123.0.6312.122 (31f8248cdd9..., userDataDir: C:\Users\ECS\AppData\Local\...}, fedcm:accounts: true, goog:chromeOptions: {debuggerAddress: localhost:64254}, networkConnectionEnabled: false, pageLoadStrategy: normal, platformName: windows, proxy: Proxy(), se:cdp: ws://localhost:64254/devtoo..., se:cdpVersion: 123.0.6312.122, setWindowRect: true, strictFileInteractability: false, timeouts: {implicit: 0, pageLoad: 300000, script: 30000}, unhandledPromptBehavior: dismiss and notify, webauthn:extension:credBlob: true, webauthn:extension:largeBlob: true, webauthn:extension:minPinLength: true, webauthn:extension:prf: true, webauthn:virtualAuthenticators: true}
Session ID: e42b3976578e73c0204b5064a6afc6ba
at java.base/jdk.internal.reflect.NativeConstructorAccessorImpl.newInstance0(Native Method)
at java.base/jdk.internal.reflect.NativeConstructorAccessorImpl.newInstance(NativeConstructorAccessorImpl.java:77)
at java.base/jdk.internal.reflect.DelegatingConstructorAccessorImpl.newInstance(DelegatingConstructorAccessorImpl.java:45)
at java.base/java.lang.reflect.Constructor.newInstanceWithCaller(Constructor.java:499)
at java.base/java.lang.reflect.Constructor.newInstance(Constructor.java:480)
at org.openqa.selenium.remote.ErrorCodec.decode(ErrorCodec.java:167)
at org.openqa.selenium.remote.codec.w3c.W3CHttpResponseCodec.decode(W3CHttpResponseCodec.java:138)
at org.openqa.selenium.remote.codec.w3c.W3CHttpResponseCodec.decode(W3CHttpResponseCodec.java:50)
at org.openqa.selenium.remote.HttpCommandExecutor.execute(HttpCommandExecutor.java:190)
at org.openqa.selenium.remote.service.DriverCommandExecutor.invokeExecute(DriverCommandExecutor.java:216)
at org.openqa.selenium.remote.service.DriverCommandExecutor.execute(DriverCommandExecutor.java:174)
at org.openqa.selenium.remote.RemoteWebDriver.execute(RemoteWebDriver.java:519)
at org.openqa.selenium.remote.ElementLocation$ElementFinder$2.findElement(ElementLocation.java:165)
at org.openqa.selenium.remote.ElementLocation.findElement(ElementLocation.java:59)
at org.openqa.selenium.remote.RemoteWebDriver.findElement(RemoteWebDriver.java:356)
at org.openqa.selenium.remote.RemoteWebDriver.findElement(RemoteWebDriver.java:350)
at selenium.practice.automation.testing.DataDrivenTesting.verifyvalidLogin(DataDrivenTesting.java:41)
at java.base/jdk.internal.reflect.NativeMethodAccessorImpl.invoke0(Native Method)
at java.base/jdk.internal.reflect.NativeMethodAccessorImpl.invoke(NativeMethodAccessorImpl.java:77)
at java.base/jdk.internal.reflect.DelegatingMethodAccessorImpl.invoke(DelegatingMethodAccessorImpl.java:43)
at java.base/java.lang.reflect.Method.invoke(Method.java:568)
at org.testng.internal.MethodInvocationHelper.invokeMethod(MethodInvocationHelper.java:133)
at org.testng.internal.TestInvoker.invokeMethod(TestInvoker.java:598)
at org.testng.internal.TestInvoker.invokeTestMethod(TestInvoker.java:173)
at org.testng.internal.MethodRunner.runInSequence(MethodRunner.java:46)
at org.testng.internal.TestInvoker$MethodInvocationAgent.invoke(TestInvoker.java:824)
at org.testng.internal.TestInvoker.invokeTestMethods(TestInvoker.java:146)
at org.testng.internal.TestMethodWorker.invokeTestMethods(TestMethodWorker.java:146)
at org.testng.internal.TestMethodWorker.run(TestMethodWorker.java:128)
at java.base/java.util.ArrayList.forEach(ArrayList.java:1511)
at org.testng.TestRunner.privateRun(TestRunner.java:794)
at org.testng.TestRunner.run(TestRunner.java:596)
at org.testng.SuiteRunner.runTest(SuiteRunner.java:377)
at org.testng.SuiteRunner.runSequentially(SuiteRunner.java:371)
at org.testng.SuiteRunner.privateRun(SuiteRunner.java:332)
at org.testng.SuiteRunner.run(SuiteRunner.java:276)
at org.testng.SuiteRunnerWorker.runSuite(SuiteRunnerWorker.java:53)
at org.testng.SuiteRunnerWorker.run(SuiteRunnerWorker.java:96)
at org.testng.TestNG.runSuitesSequentially(TestNG.java:1212)
at org.testng.TestNG.runSuitesLocally(TestNG.java:1134)
at org.testng.TestNG.runSuites(TestNG.java:1063)
at org.testng.TestNG.run(TestNG.java:1031)
at org.testng.remote.AbstractRemoteTestNG.run(AbstractRemoteTestNG.java:115)
at org.testng.remote.RemoteTestNG.initAndRun(RemoteTestNG.java:251)
at org.testng.remote.RemoteTestNG.main(RemoteTestNG.java:77)
]]>
            </full-stacktrace>
          </exception> <!-- org.openqa.selenium.NoSuchElementException -->
          <reporter-output>
          </reporter-output>
        </test-method> <!-- verifyvalidLogin -->
        <test-method is-config="true" signature="teardown()[pri:0, instance:selenium.practice.automation.testing.DataDrivenTesting@74751b3]" started-at="2024-04-19T09:53:26 IST" name="teardown" finished-at="2024-04-19T09:53:27 IST" duration-ms="502" status="PASS">
          <reporter-output>
          </reporter-output>
        </test-method> <!-- teardown -->
        <test-method is-config="true" signature="setup()[pri:0, instance:selenium.practice.automation.testing.DataDrivenTesting@74751b3]" started-at="2024-04-19T09:53:27 IST" name="setup" finished-at="2024-04-19T09:53:37 IST" duration-ms="10505" status="PASS">
          <reporter-output>
          </reporter-output>
        </test-method> <!-- setup -->
        <test-method signature="verifyvalidLogin(java.lang.String,java.lang.String)[pri:0, instance:selenium.practice.automation.testing.DataDrivenTesting@74751b3]" started-at="2024-04-19T09:53:37 IST" name="verifyvalidLogin" description="Verify valid user login" data-provider="users" finished-at="2024-04-19T09:53:41 IST" duration-ms="3361" status="PASS">
          <params>
            <param index="0">
              <value>
                <![CDATA[User1]]>
              </value>
            </param>
            <param index="1">
              <value>
                <![CDATA[password]]>
              </value>
            </param>
          </params>
          <reporter-output>
          </reporter-output>
        </test-method> <!-- verifyvalidLogin -->
        <test-method is-config="true" signature="teardown()[pri:0, instance:selenium.practice.automation.testing.DataDrivenTesting@74751b3]" started-at="2024-04-19T09:53:41 IST" name="teardown" finished-at="2024-04-19T09:53:41 IST" duration-ms="574" status="PASS">
          <reporter-output>
          </reporter-output>
        </test-method> <!-- teardown -->
      </class> <!-- selenium.practice.automation.testing.DataDrivenTesting -->
    </test> <!-- Default test -->
  </suite> <!-- Default suite -->
</testng-results>
